Determining if the pthread_create exist failed with the following output:
Change Dir: /home/arthur/catkin_ws/build/CMakeFiles/CMakeTmp

Run Build Command:"/usr/bin/make" "cmTC_810a3/fast"
/usr/bin/make -f CMakeFiles/cmTC_810a3.dir/build.make CMakeFiles/cmTC_810a3.dir/build
make[1]: Entering directory '/home/arthur/catkin_ws/build/CMakeFiles/CMakeTmp'
Building C object CMakeFiles/cmTC_810a3.dir/CheckSymbolExists.c.o
/usr/bin/cc    -o CMakeFiles/cmTC_810a3.dir/CheckSymbolExists.c.o   -c /home/arthur/catkin_ws/build/CMakeFiles/CMakeTmp/CheckSymbolExists.c
Linking C executable cmTC_810a3
/usr/bin/cmake -E cmake_link_script CMakeFiles/cmTC_810a3.dir/link.txt --verbose=1
/usr/bin/cc      -rdynamic CMakeFiles/cmTC_810a3.dir/CheckSymbolExists.c.o  -o cmTC_810a3 
CMakeFiles/cmTC_810a3.dir/CheckSymbolExists.c.o: In function `main':
CheckSymbolExists.c:(.text+0x1b): undefined reference to `pthread_create'
collect2: error: ld returned 1 exit status
CMakeFiles/cmTC_810a3.dir/build.make:97: recipe for target 'cmTC_810a3' failed
make[1]: *** [cmTC_810a3] Error 1
make[1]: Leaving directory '/home/arthur/catkin_ws/build/CMakeFiles/CMakeTmp'
Makefile:126: recipe for target 'cmTC_810a3/fast' failed
make: *** [cmTC_810a3/fast] Error 2

File /home/arthur/catkin_ws/build/CMakeFiles/CMakeTmp/CheckSymbolExists.c:
/* */
#include <pthread.h>

int main(int argc, char** argv)
{
  (void)argv;
#ifndef pthread_create
  return ((int*)(&pthread_create))[argc];
#else
  (void)argc;
  return 0;
#endif
}

Determining if the function pthread_create exists in the pthreads failed with the following output:
Change Dir: /home/arthur/catkin_ws/build/CMakeFiles/CMakeTmp

Run Build Command:"/usr/bin/make" "cmTC_971fe/fast"
/usr/bin/make -f CMakeFiles/cmTC_971fe.dir/build.make CMakeFiles/cmTC_971fe.dir/build
make[1]: Entering directory '/home/arthur/catkin_ws/build/CMakeFiles/CMakeTmp'
Building C object CMakeFiles/cmTC_971fe.dir/CheckFunctionExists.c.o
/usr/bin/cc   -DCHECK_FUNCTION_EXISTS=pthread_create   -o CMakeFiles/cmTC_971fe.dir/CheckFunctionExists.c.o   -c /usr/share/cmake-3.10/Modules/CheckFunctionExists.c
Linking C executable cmTC_971fe
/usr/bin/cmake -E cmake_link_script CMakeFiles/cmTC_971fe.dir/link.txt --verbose=1
/usr/bin/cc  -DCHECK_FUNCTION_EXISTS=pthread_create    -rdynamic CMakeFiles/cmTC_971fe.dir/CheckFunctionExists.c.o  -o cmTC_971fe -lpthreads 
/usr/bin/ld: cannot find -lpthreads
collect2: error: ld returned 1 exit status
CMakeFiles/cmTC_971fe.dir/build.make:97: recipe for target 'cmTC_971fe' failed
make[1]: *** [cmTC_971fe] Error 1
make[1]: Leaving directory '/home/arthur/catkin_ws/build/CMakeFiles/CMakeTmp'
Makefile:126: recipe for target 'cmTC_971fe/fast' failed
make: *** [cmTC_971fe/fast] Error 2


